<?xml version="1.0" encoding="UTF-8"?>
<testsuite xmlns:xsi="http://www.w3.org/2001/XMLSchema-instance" xsi:noNamespaceSchemaLocation="https://maven.apache.org/surefire/maven-surefire-plugin/xsd/surefire-test-report.xsd" name="br.com.zup.cortana.client.controller.ControlerGastosTest" time="5.582" tests="2" errors="0" skipped="0" failures="0">
  <properties>
    <property name="sun.desktop" value="windows"/>
    <property name="awt.toolkit" value="sun.awt.windows.WToolkit"/>
    <property name="file.encoding.pkg" value="sun.io"/>
    <property name="java.specification.version" value="1.8"/>
    <property name="sun.cpu.isalist" value="amd64"/>
    <property name="sun.jnu.encoding" value="Cp1252"/>
    <property name="java.class.path" value="C:\git\CortanaBackend\CortanaMachineLearning\target\test-classes;C:\git\CortanaBackend\CortanaMachineLearning\target\classes;C:\Users\luciano.sales\.m2\repository\javax\ejb\javax.ejb-api\3.2.2\javax.ejb-api-3.2.2.jar;C:\Users\luciano.sales\.m2\repository\javax\transaction\javax.transaction-api\1.3\javax.transaction-api-1.3.jar;C:\Users\luciano.sales\.m2\repository\org\springframework\cloud\spring-cloud-config-client\1.4.3.RELEASE\spring-cloud-config-client-1.4.3.RELEASE.jar;C:\Users\luciano.sales\.m2\repository\org\springframework\boot\spring-boot-autoconfigure\1.5.10.RELEASE\spring-boot-autoconfigure-1.5.10.RELEASE.jar;C:\Users\luciano.sales\.m2\repository\org\springframework\boot\spring-boot\1.5.10.RELEASE\spring-boot-1.5.10.RELEASE.jar;C:\Users\luciano.sales\.m2\repository\org\springframework\cloud\spring-cloud-commons\1.3.3.RELEASE\spring-cloud-commons-1.3.3.RELEASE.jar;C:\Users\luciano.sales\.m2\repository\org\springframework\security\spring-security-crypto\4.2.4.RELEASE\spring-security-crypto-4.2.4.RELEASE.jar;C:\Users\luciano.sales\.m2\repository\org\apache\httpcomponents\httpclient\4.5.1\httpclient-4.5.1.jar;C:\Users\luciano.sales\.m2\repository\org\apache\httpcomponents\httpcore\4.4.3\httpcore-4.4.3.jar;C:\Users\luciano.sales\.m2\repository\commons-codec\commons-codec\1.9\commons-codec-1.9.jar;C:\Users\luciano.sales\.m2\repository\org\springframework\cloud\spring-cloud-context\1.3.3.RELEASE\spring-cloud-context-1.3.3.RELEASE.jar;C:\Users\luciano.sales\.m2\repository\org\springframework\spring-web\4.3.14.RELEASE\spring-web-4.3.14.RELEASE.jar;C:\Users\luciano.sales\.m2\repository\com\fasterxml\jackson\core\jackson-annotations\2.8.0\jackson-annotations-2.8.0.jar;C:\Users\luciano.sales\.m2\repository\javax\ejb\ejb-api\3.0\ejb-api-3.0.jar;C:\Users\luciano.sales\.m2\repository\org\jboss\weld\se\weld-se-core\3.0.4.Final\weld-se-core-3.0.4.Final.jar;C:\Users\luciano.sales\.m2\repository\org\jboss\weld\environment\weld-environment-common\3.0.4.Final\weld-environment-common-3.0.4.Final.jar;C:\Users\luciano.sales\.m2\repository\org\jboss\weld\weld-core-impl\3.0.4.Final\weld-core-impl-3.0.4.Final.jar;C:\Users\luciano.sales\.m2\repository\org\jboss\weld\weld-api\3.0.SP3\weld-api-3.0.SP3.jar;C:\Users\luciano.sales\.m2\repository\org\jboss\weld\weld-spi\3.0.SP3\weld-spi-3.0.SP3.jar;C:\Users\luciano.sales\.m2\repository\org\jboss\spec\javax\annotation\jboss-annotations-api_1.3_spec\1.0.0.Final\jboss-annotations-api_1.3_spec-1.0.0.Final.jar;C:\Users\luciano.sales\.m2\repository\org\jboss\spec\javax\el\jboss-el-api_3.0_spec\1.0.7.Final\jboss-el-api_3.0_spec-1.0.7.Final.jar;C:\Users\luciano.sales\.m2\repository\org\jboss\spec\javax\interceptor\jboss-interceptors-api_1.2_spec\1.0.0.Final\jboss-interceptors-api_1.2_spec-1.0.0.Final.jar;C:\Users\luciano.sales\.m2\repository\org\jboss\weld\probe\weld-probe-core\3.0.4.Final\weld-probe-core-3.0.4.Final.jar;C:\Users\luciano.sales\.m2\repository\javax\enterprise\cdi-api\2.0\cdi-api-2.0.jar;C:\Users\luciano.sales\.m2\repository\javax\inject\javax.inject\1\javax.inject-1.jar;C:\Users\luciano.sales\.m2\repository\org\jboss\classfilewriter\jboss-classfilewriter\1.2.2.Final\jboss-classfilewriter-1.2.2.Final.jar;C:\Users\luciano.sales\.m2\repository\commons-digester\commons-digester\2.1\commons-digester-2.1.jar;C:\Users\luciano.sales\.m2\repository\commons-beanutils\commons-beanutils\1.8.3\commons-beanutils-1.8.3.jar;C:\Users\luciano.sales\.m2\repository\commons-logging\commons-logging\1.1.1\commons-logging-1.1.1.jar;C:\Users\luciano.sales\.m2\repository\org\mongodb\mongodb-driver\3.4.3\mongodb-driver-3.4.3.jar;C:\Users\luciano.sales\.m2\repository\org\mongodb\mongodb-driver-core\3.4.3\mongodb-driver-core-3.4.3.jar;C:\Users\luciano.sales\.m2\repository\org\mongodb\bson\3.4.3\bson-3.4.3.jar;C:\Users\luciano.sales\.m2\repository\org\hibernate\hibernate-entitymanager\5.2.8.Final\hibernate-entitymanager-5.2.8.Final.jar;C:\Users\luciano.sales\.m2\repository\org\jboss\logging\jboss-logging\3.3.0.Final\jboss-logging-3.3.0.Final.jar;C:\Users\luciano.sales\.m2\repository\org\hibernate\hibernate-core\5.2.8.Final\hibernate-core-5.2.8.Final.jar;C:\Users\luciano.sales\.m2\repository\antlr\antlr\2.7.7\antlr-2.7.7.jar;C:\Users\luciano.sales\.m2\repository\org\jboss\jandex\2.0.3.Final\jandex-2.0.3.Final.jar;C:\Users\luciano.sales\.m2\repository\com\fasterxml\classmate\1.3.0\classmate-1.3.0.jar;C:\Users\luciano.sales\.m2\repository\dom4j\dom4j\1.6.1\dom4j-1.6.1.jar;C:\Users\luciano.sales\.m2\repository\org\hibernate\common\hibernate-commons-annotations\5.0.1.Final\hibernate-commons-annotations-5.0.1.Final.jar;C:\Users\luciano.sales\.m2\repository\org\hibernate\javax\persistence\hibernate-jpa-2.1-api\1.0.0.Final\hibernate-jpa-2.1-api-1.0.0.Final.jar;C:\Users\luciano.sales\.m2\repository\org\javassist\javassist\3.20.0-GA\javassist-3.20.0-GA.jar;C:\Users\luciano.sales\.m2\repository\net\bytebuddy\byte-buddy\1.6.6\byte-buddy-1.6.6.jar;C:\Users\luciano.sales\.m2\repository\org\jboss\spec\javax\transaction\jboss-transaction-api_1.2_spec\1.0.1.Final\jboss-transaction-api_1.2_spec-1.0.1.Final.jar;C:\Users\luciano.sales\.m2\repository\org\springframework\spring-context\4.3.11.RELEASE\spring-context-4.3.11.RELEASE.jar;C:\Users\luciano.sales\.m2\repository\org\springframework\spring-aop\4.3.11.RELEASE\spring-aop-4.3.11.RELEASE.jar;C:\Users\luciano.sales\.m2\repository\org\springframework\spring-beans\4.3.11.RELEASE\spring-beans-4.3.11.RELEASE.jar;C:\Users\luciano.sales\.m2\repository\org\springframework\spring-core\4.3.11.RELEASE\spring-core-4.3.11.RELEASE.jar;C:\Users\luciano.sales\.m2\repository\org\springframework\spring-expression\4.3.11.RELEASE\spring-expression-4.3.11.RELEASE.jar;C:\Users\luciano.sales\.m2\repository\org\springframework\spring-webmvc\4.3.11.RELEASE\spring-webmvc-4.3.11.RELEASE.jar;C:\Users\luciano.sales\.m2\repository\org\springframework\spring-orm\4.3.11.RELEASE\spring-orm-4.3.11.RELEASE.jar;C:\Users\luciano.sales\.m2\repository\org\springframework\spring-jdbc\4.3.11.RELEASE\spring-jdbc-4.3.11.RELEASE.jar;C:\Users\luciano.sales\.m2\repository\org\springframework\spring-tx\4.3.11.RELEASE\spring-tx-4.3.11.RELEASE.jar;C:\Users\luciano.sales\.m2\repository\com\fasterxml\jackson\core\jackson-databind\2.8.7\jackson-databind-2.8.7.jar;C:\Users\luciano.sales\.m2\repository\com\fasterxml\jackson\core\jackson-core\2.8.7\jackson-core-2.8.7.jar;C:\Users\luciano.sales\.m2\repository\javax\servlet\javax.servlet-api\3.1.0\javax.servlet-api-3.1.0.jar;C:\Users\luciano.sales\.m2\repository\mysql\mysql-connector-java\5.1.42\mysql-connector-java-5.1.42.jar;C:\Users\luciano.sales\.m2\repository\com\google\code\gson\gson\2.8.2\gson-2.8.2.jar;C:\Users\luciano.sales\.m2\repository\junit\junit\4.12\junit-4.12.jar;C:\Users\luciano.sales\.m2\repository\org\springframework\spring-test\4.3.1.RELEASE\spring-test-4.3.1.RELEASE.jar;C:\Users\luciano.sales\.m2\repository\org\hamcrest\hamcrest-all\1.3\hamcrest-all-1.3.jar;C:\Users\luciano.sales\.m2\repository\org\mockito\mockito-core\1.10.19\mockito-core-1.10.19.jar;C:\Users\luciano.sales\.m2\repository\org\objenesis\objenesis\2.1\objenesis-2.1.jar;C:\Users\luciano.sales\.m2\repository\org\powermock\powermock-module-junit4\1.6.2\powermock-module-junit4-1.6.2.jar;C:\Users\luciano.sales\.m2\repository\org\powermock\powermock-module-junit4-common\1.6.2\powermock-module-junit4-common-1.6.2.jar;C:\Users\luciano.sales\.m2\repository\org\powermock\powermock-core\1.6.2\powermock-core-1.6.2.jar;C:\Users\luciano.sales\.m2\repository\org\powermock\powermock-reflect\1.6.2\powermock-reflect-1.6.2.jar;C:\Users\luciano.sales\.m2\repository\org\powermock\powermock-api-mockito\1.6.2\powermock-api-mockito-1.6.2.jar;C:\Users\luciano.sales\.m2\repository\org\mockito\mockito-all\1.10.19\mockito-all-1.10.19.jar;C:\Users\luciano.sales\.m2\repository\org\powermock\powermock-api-support\1.6.2\powermock-api-support-1.6.2.jar;C:\Users\luciano.sales\.m2\repository\log4j\log4j\1.2.17\log4j-1.2.17.jar;"/>
    <property name="java.vm.vendor" value="Oracle Corporation"/>
    <property name="sun.arch.data.model" value="64"/>
    <property name="user.variant" value=""/>
    <property name="java.vendor.url" value="http://java.oracle.com/"/>
    <property name="user.timezone" value=""/>
    <property name="java.vm.specification.version" value="1.8"/>
    <property name="os.name" value="Windows 10"/>
    <property name="user.country" value="BR"/>
    <property name="sun.java.launcher" value="SUN_STANDARD"/>
    <property name="sun.boot.library.path" value="C:\Program Files\Java\jdk1.8.0_121\jre\bin"/>
    <property name="sun.java.command" value="C:\Users\LUCIAN~1.SAL\AppData\Local\Temp\surefire3089570542059399711\surefirebooter8171223939467393786.jar C:\Users\luciano.sales\AppData\Local\Temp\surefire3089570542059399711 2018-05-21T12-19-57_440-jvmRun1 surefire7474484231596169041tmp surefire_08547436322727015627tmp"/>
    <property name="surefire.test.class.path" value="C:\git\CortanaBackend\CortanaMachineLearning\target\test-classes;C:\git\CortanaBackend\CortanaMachineLearning\target\classes;C:\Users\luciano.sales\.m2\repository\javax\ejb\javax.ejb-api\3.2.2\javax.ejb-api-3.2.2.jar;C:\Users\luciano.sales\.m2\repository\javax\transaction\javax.transaction-api\1.3\javax.transaction-api-1.3.jar;C:\Users\luciano.sales\.m2\repository\org\springframework\cloud\spring-cloud-config-client\1.4.3.RELEASE\spring-cloud-config-client-1.4.3.RELEASE.jar;C:\Users\luciano.sales\.m2\repository\org\springframework\boot\spring-boot-autoconfigure\1.5.10.RELEASE\spring-boot-autoconfigure-1.5.10.RELEASE.jar;C:\Users\luciano.sales\.m2\repository\org\springframework\boot\spring-boot\1.5.10.RELEASE\spring-boot-1.5.10.RELEASE.jar;C:\Users\luciano.sales\.m2\repository\org\springframework\cloud\spring-cloud-commons\1.3.3.RELEASE\spring-cloud-commons-1.3.3.RELEASE.jar;C:\Users\luciano.sales\.m2\repository\org\springframework\security\spring-security-crypto\4.2.4.RELEASE\spring-security-crypto-4.2.4.RELEASE.jar;C:\Users\luciano.sales\.m2\repository\org\apache\httpcomponents\httpclient\4.5.1\httpclient-4.5.1.jar;C:\Users\luciano.sales\.m2\repository\org\apache\httpcomponents\httpcore\4.4.3\httpcore-4.4.3.jar;C:\Users\luciano.sales\.m2\repository\commons-codec\commons-codec\1.9\commons-codec-1.9.jar;C:\Users\luciano.sales\.m2\repository\org\springframework\cloud\spring-cloud-context\1.3.3.RELEASE\spring-cloud-context-1.3.3.RELEASE.jar;C:\Users\luciano.sales\.m2\repository\org\springframework\spring-web\4.3.14.RELEASE\spring-web-4.3.14.RELEASE.jar;C:\Users\luciano.sales\.m2\repository\com\fasterxml\jackson\core\jackson-annotations\2.8.0\jackson-annotations-2.8.0.jar;C:\Users\luciano.sales\.m2\repository\javax\ejb\ejb-api\3.0\ejb-api-3.0.jar;C:\Users\luciano.sales\.m2\repository\org\jboss\weld\se\weld-se-core\3.0.4.Final\weld-se-core-3.0.4.Final.jar;C:\Users\luciano.sales\.m2\repository\org\jboss\weld\environment\weld-environment-common\3.0.4.Final\weld-environment-common-3.0.4.Final.jar;C:\Users\luciano.sales\.m2\repository\org\jboss\weld\weld-core-impl\3.0.4.Final\weld-core-impl-3.0.4.Final.jar;C:\Users\luciano.sales\.m2\repository\org\jboss\weld\weld-api\3.0.SP3\weld-api-3.0.SP3.jar;C:\Users\luciano.sales\.m2\repository\org\jboss\weld\weld-spi\3.0.SP3\weld-spi-3.0.SP3.jar;C:\Users\luciano.sales\.m2\repository\org\jboss\spec\javax\annotation\jboss-annotations-api_1.3_spec\1.0.0.Final\jboss-annotations-api_1.3_spec-1.0.0.Final.jar;C:\Users\luciano.sales\.m2\repository\org\jboss\spec\javax\el\jboss-el-api_3.0_spec\1.0.7.Final\jboss-el-api_3.0_spec-1.0.7.Final.jar;C:\Users\luciano.sales\.m2\repository\org\jboss\spec\javax\interceptor\jboss-interceptors-api_1.2_spec\1.0.0.Final\jboss-interceptors-api_1.2_spec-1.0.0.Final.jar;C:\Users\luciano.sales\.m2\repository\org\jboss\weld\probe\weld-probe-core\3.0.4.Final\weld-probe-core-3.0.4.Final.jar;C:\Users\luciano.sales\.m2\repository\javax\enterprise\cdi-api\2.0\cdi-api-2.0.jar;C:\Users\luciano.sales\.m2\repository\javax\inject\javax.inject\1\javax.inject-1.jar;C:\Users\luciano.sales\.m2\repository\org\jboss\classfilewriter\jboss-classfilewriter\1.2.2.Final\jboss-classfilewriter-1.2.2.Final.jar;C:\Users\luciano.sales\.m2\repository\commons-digester\commons-digester\2.1\commons-digester-2.1.jar;C:\Users\luciano.sales\.m2\repository\commons-beanutils\commons-beanutils\1.8.3\commons-beanutils-1.8.3.jar;C:\Users\luciano.sales\.m2\repository\commons-logging\commons-logging\1.1.1\commons-logging-1.1.1.jar;C:\Users\luciano.sales\.m2\repository\org\mongodb\mongodb-driver\3.4.3\mongodb-driver-3.4.3.jar;C:\Users\luciano.sales\.m2\repository\org\mongodb\mongodb-driver-core\3.4.3\mongodb-driver-core-3.4.3.jar;C:\Users\luciano.sales\.m2\repository\org\mongodb\bson\3.4.3\bson-3.4.3.jar;C:\Users\luciano.sales\.m2\repository\org\hibernate\hibernate-entitymanager\5.2.8.Final\hibernate-entitymanager-5.2.8.Final.jar;C:\Users\luciano.sales\.m2\repository\org\jboss\logging\jboss-logging\3.3.0.Final\jboss-logging-3.3.0.Final.jar;C:\Users\luciano.sales\.m2\repository\org\hibernate\hibernate-core\5.2.8.Final\hibernate-core-5.2.8.Final.jar;C:\Users\luciano.sales\.m2\repository\antlr\antlr\2.7.7\antlr-2.7.7.jar;C:\Users\luciano.sales\.m2\repository\org\jboss\jandex\2.0.3.Final\jandex-2.0.3.Final.jar;C:\Users\luciano.sales\.m2\repository\com\fasterxml\classmate\1.3.0\classmate-1.3.0.jar;C:\Users\luciano.sales\.m2\repository\dom4j\dom4j\1.6.1\dom4j-1.6.1.jar;C:\Users\luciano.sales\.m2\repository\org\hibernate\common\hibernate-commons-annotations\5.0.1.Final\hibernate-commons-annotations-5.0.1.Final.jar;C:\Users\luciano.sales\.m2\repository\org\hibernate\javax\persistence\hibernate-jpa-2.1-api\1.0.0.Final\hibernate-jpa-2.1-api-1.0.0.Final.jar;C:\Users\luciano.sales\.m2\repository\org\javassist\javassist\3.20.0-GA\javassist-3.20.0-GA.jar;C:\Users\luciano.sales\.m2\repository\net\bytebuddy\byte-buddy\1.6.6\byte-buddy-1.6.6.jar;C:\Users\luciano.sales\.m2\repository\org\jboss\spec\javax\transaction\jboss-transaction-api_1.2_spec\1.0.1.Final\jboss-transaction-api_1.2_spec-1.0.1.Final.jar;C:\Users\luciano.sales\.m2\repository\org\springframework\spring-context\4.3.11.RELEASE\spring-context-4.3.11.RELEASE.jar;C:\Users\luciano.sales\.m2\repository\org\springframework\spring-aop\4.3.11.RELEASE\spring-aop-4.3.11.RELEASE.jar;C:\Users\luciano.sales\.m2\repository\org\springframework\spring-beans\4.3.11.RELEASE\spring-beans-4.3.11.RELEASE.jar;C:\Users\luciano.sales\.m2\repository\org\springframework\spring-core\4.3.11.RELEASE\spring-core-4.3.11.RELEASE.jar;C:\Users\luciano.sales\.m2\repository\org\springframework\spring-expression\4.3.11.RELEASE\spring-expression-4.3.11.RELEASE.jar;C:\Users\luciano.sales\.m2\repository\org\springframework\spring-webmvc\4.3.11.RELEASE\spring-webmvc-4.3.11.RELEASE.jar;C:\Users\luciano.sales\.m2\repository\org\springframework\spring-orm\4.3.11.RELEASE\spring-orm-4.3.11.RELEASE.jar;C:\Users\luciano.sales\.m2\repository\org\springframework\spring-jdbc\4.3.11.RELEASE\spring-jdbc-4.3.11.RELEASE.jar;C:\Users\luciano.sales\.m2\repository\org\springframework\spring-tx\4.3.11.RELEASE\spring-tx-4.3.11.RELEASE.jar;C:\Users\luciano.sales\.m2\repository\com\fasterxml\jackson\core\jackson-databind\2.8.7\jackson-databind-2.8.7.jar;C:\Users\luciano.sales\.m2\repository\com\fasterxml\jackson\core\jackson-core\2.8.7\jackson-core-2.8.7.jar;C:\Users\luciano.sales\.m2\repository\javax\servlet\javax.servlet-api\3.1.0\javax.servlet-api-3.1.0.jar;C:\Users\luciano.sales\.m2\repository\mysql\mysql-connector-java\5.1.42\mysql-connector-java-5.1.42.jar;C:\Users\luciano.sales\.m2\repository\com\google\code\gson\gson\2.8.2\gson-2.8.2.jar;C:\Users\luciano.sales\.m2\repository\junit\junit\4.12\junit-4.12.jar;C:\Users\luciano.sales\.m2\repository\org\springframework\spring-test\4.3.1.RELEASE\spring-test-4.3.1.RELEASE.jar;C:\Users\luciano.sales\.m2\repository\org\hamcrest\hamcrest-all\1.3\hamcrest-all-1.3.jar;C:\Users\luciano.sales\.m2\repository\org\mockito\mockito-core\1.10.19\mockito-core-1.10.19.jar;C:\Users\luciano.sales\.m2\repository\org\objenesis\objenesis\2.1\objenesis-2.1.jar;C:\Users\luciano.sales\.m2\repository\org\powermock\powermock-module-junit4\1.6.2\powermock-module-junit4-1.6.2.jar;C:\Users\luciano.sales\.m2\repository\org\powermock\powermock-module-junit4-common\1.6.2\powermock-module-junit4-common-1.6.2.jar;C:\Users\luciano.sales\.m2\repository\org\powermock\powermock-core\1.6.2\powermock-core-1.6.2.jar;C:\Users\luciano.sales\.m2\repository\org\powermock\powermock-reflect\1.6.2\powermock-reflect-1.6.2.jar;C:\Users\luciano.sales\.m2\repository\org\powermock\powermock-api-mockito\1.6.2\powermock-api-mockito-1.6.2.jar;C:\Users\luciano.sales\.m2\repository\org\mockito\mockito-all\1.10.19\mockito-all-1.10.19.jar;C:\Users\luciano.sales\.m2\repository\org\powermock\powermock-api-support\1.6.2\powermock-api-support-1.6.2.jar;C:\Users\luciano.sales\.m2\repository\log4j\log4j\1.2.17\log4j-1.2.17.jar;"/>
    <property name="sun.cpu.endian" value="little"/>
    <property name="user.home" value="C:\Users\luciano.sales"/>
    <property name="user.language" value="pt"/>
    <property name="java.specification.vendor" value="Oracle Corporation"/>
    <property name="java.home" value="C:\Program Files\Java\jdk1.8.0_121\jre"/>
    <property name="basedir" value="C:\git\CortanaBackend\CortanaMachineLearning"/>
    <property name="file.separator" value="\"/>
    <property name="line.separator" value="&#10;"/>
    <property name="java.vm.specification.vendor" value="Oracle Corporation"/>
    <property name="java.specification.name" value="Java Platform API Specification"/>
    <property name="java.awt.graphicsenv" value="sun.awt.Win32GraphicsEnvironment"/>
    <property name="surefire.real.class.path" value="C:\Users\LUCIAN~1.SAL\AppData\Local\Temp\surefire3089570542059399711\surefirebooter8171223939467393786.jar"/>
    <property name="sun.boot.class.path" value="C:\Program Files\Java\jdk1.8.0_121\jre\lib\resources.jar;C:\Program Files\Java\jdk1.8.0_121\jre\lib\rt.jar;C:\Program Files\Java\jdk1.8.0_121\jre\lib\sunrsasign.jar;C:\Program Files\Java\jdk1.8.0_121\jre\lib\jsse.jar;C:\Program Files\Java\jdk1.8.0_121\jre\lib\jce.jar;C:\Program Files\Java\jdk1.8.0_121\jre\lib\charsets.jar;C:\Program Files\Java\jdk1.8.0_121\jre\lib\jfr.jar;C:\Program Files\Java\jdk1.8.0_121\jre\classes"/>
    <property name="user.script" value=""/>
    <property name="sun.management.compiler" value="HotSpot 64-Bit Tiered Compilers"/>
    <property name="java.runtime.version" value="1.8.0_121-b13"/>
    <property name="user.name" value="luciano.sales"/>
    <property name="path.separator" value=";"/>
    <property name="os.version" value="10.0"/>
    <property name="java.endorsed.dirs" value="C:\Program Files\Java\jdk1.8.0_121\jre\lib\endorsed"/>
    <property name="java.runtime.name" value="Java(TM) SE Runtime Environment"/>
    <property name="file.encoding" value="Cp1252"/>
    <property name="java.vm.name" value="Java HotSpot(TM) 64-Bit Server VM"/>
    <property name="localRepository" value="C:\Users\luciano.sales\.m2\repository"/>
    <property name="java.vendor.url.bug" value="http://bugreport.sun.com/bugreport/"/>
    <property name="java.io.tmpdir" value="C:\Users\LUCIAN~1.SAL\AppData\Local\Temp\"/>
    <property name="java.version" value="1.8.0_121"/>
    <property name="user.dir" value="C:\git\CortanaBackend\CortanaMachineLearning"/>
    <property name="os.arch" value="amd64"/>
    <property name="java.vm.specification.name" value="Java Virtual Machine Specification"/>
    <property name="java.awt.printerjob" value="sun.awt.windows.WPrinterJob"/>
    <property name="sun.os.patch.level" value=""/>
    <property name="java.library.path" value="C:\Program Files\Java\jdk1.8.0_121\jre\bin;C:\WINDOWS\Sun\Java\bin;C:\WINDOWS\system32;C:\WINDOWS;C:\Users\luciano.sales\bin;C:\gitbash\Git\mingw64\bin;C:\gitbash\Git\usr\local\bin;C:\gitbash\Git\usr\bin;C:\gitbash\Git\usr\bin;C:\gitbash\Git\mingw64\bin;C:\gitbash\Git\usr\bin;C:\Users\luciano.sales\bin;C:\Program Files (x86)\Microsoft SDKs\Azure\CLI2\wbin;C:\Program Files\Docker\Docker\Resources\bin;C:\Program Files (x86)\Intel\iCLS Client;C:\Program Files\Intel\iCLS Client;C:\ProgramData\Oracle\Java\javapath;C:\Windows\system32;C:\Windows;C:\Windows\System32\Wbem;C:\Windows\System32\WindowsPowerShell\v1.0;C:\Program Files (x86)\Skype\Phone;C:\Program Files\Java\jdk1.8.0_121\bin;C:\Users\luciano.sales\AppData\Local\Microsoft\WindowsApps;C:\Program Files\Microsoft VS Code\bin;C:\Users\luciano.sales\AppData\Roaming\nvm;C:\Program Files\nodejs;C:\Program Files (x86)\Intel\Intel(R) Management Engine Components\DAL;C:\Program Files\Intel\Intel(R) Management Engine Components\DAL;C:\Program Files (x86)\Intel\Intel(R) Management Engine Components\IPT;C:\Program Files\Intel\Intel(R) Management Engine Components\IPT;C:\WINDOWS\system32;C:\WINDOWS;C:\WINDOWS\System32\Wbem;C:\WINDOWS\System32\WindowsPowerShell\v1.0;C:\Program Files\dotnet;C:\Program Files\Microsoft SQL Server\130\Tools\Binn;C:\maven\apache-maven-3.5.2\bin;C:\Program Files\Microsoft\Web Platform Installer;C:\Program Files\MongoDB\Server\3.6\bin;C:\util\scala-2.11.8\bin;C:\opt\spark-2.3.0-bin-hadoop2.7\bin;C:\opt\spark-2.3.0-bin-hadoop2.7\sbin;C:\conda\Anaconda3;C:\conda\Anaconda3\Scripts;C:\conda\Anaconda3\Library\bin;C:\Program Files\Microsoft Service Fabric\bin\Fabric\Fabric.Code;C:\Program Files\Microsoft SDKs\Service Fabric\Tools\ServiceFabricLocalClusterManager;C:\gitbash\Git\cmd;C:\gitbash\Git\mingw64\bin;C:\gitbash\Git\usr\bin\vendor_perl;C:\gitbash\Git\usr\bin\core_perl;."/>
    <property name="java.vm.info" value="mixed mode"/>
    <property name="java.vendor" value="Oracle Corporation"/>
    <property name="java.vm.version" value="25.121-b13"/>
    <property name="java.ext.dirs" value="C:\Program Files\Java\jdk1.8.0_121\jre\lib\ext;C:\WINDOWS\Sun\Java\lib\ext"/>
    <property name="sun.io.unicode.encoding" value="UnicodeLittle"/>
    <property name="java.class.version" value="52.0"/>
  </properties>
  <testcase name="postGastosResultSuccessTest" classname="br.com.zup.cortana.client.controller.ControlerGastosTest" time="3.165"/>
  <testcase name="postGastosResultIOExceptionTest" classname="br.com.zup.cortana.client.controller.ControlerGastosTest" time="0.236"/>
</testsuite>